{"D:\\IV_Семестр\\JavaScript\\expressjslab-VasyaSuper\\app.js": {"path":"D:\\IV_Семестр\\JavaScript\\expressjslab-VasyaSuper\\app.js","statementMap":{"0":{"start":{"line":1,"column":20},"end":{"line":1,"column":42}},"1":{"start":{"line":2,"column":16},"end":{"line":2,"column":34}},"2":{"start":{"line":3,"column":13},"end":{"line":3,"column":28}},"3":{"start":{"line":4,"column":21},"end":{"line":4,"column":45}},"4":{"start":{"line":5,"column":15},"end":{"line":5,"column":32}},"5":{"start":{"line":7,"column":20},"end":{"line":7,"column":45}},"6":{"start":{"line":8,"column":20},"end":{"line":8,"column":45}},"7":{"start":{"line":9,"column":24},"end":{"line":9,"column":57}},"8":{"start":{"line":11,"column":12},"end":{"line":11,"column":21}},"9":{"start":{"line":14,"column":0},"end":{"line":14,"column":48}},"10":{"start":{"line":15,"column":0},"end":{"line":15,"column":30}},"11":{"start":{"line":17,"column":0},"end":{"line":17,"column":24}},"12":{"start":{"line":18,"column":0},"end":{"line":18,"column":23}},"13":{"start":{"line":19,"column":0},"end":{"line":19,"column":24}},"14":{"start":{"line":20,"column":0},"end":{"line":20,"column":49}},"15":{"start":{"line":21,"column":0},"end":{"line":21,"column":24}},"16":{"start":{"line":22,"column":0},"end":{"line":22,"column":56}},"17":{"start":{"line":24,"column":0},"end":{"line":24,"column":34}},"18":{"start":{"line":25,"column":0},"end":{"line":25,"column":26}},"19":{"start":{"line":26,"column":0},"end":{"line":26,"column":31}},"20":{"start":{"line":29,"column":0},"end":{"line":31,"column":3}},"21":{"start":{"line":30,"column":4},"end":{"line":30,"column":27}},"22":{"start":{"line":34,"column":0},"end":{"line":42,"column":3}},"23":{"start":{"line":36,"column":4},"end":{"line":36,"column":37}},"24":{"start":{"line":37,"column":4},"end":{"line":37,"column":71}},"25":{"start":{"line":40,"column":4},"end":{"line":40,"column":34}},"26":{"start":{"line":41,"column":4},"end":{"line":41,"column":24}},"27":{"start":{"line":44,"column":0},"end":{"line":44,"column":21}}},"fnMap":{"0":{"name":"(anonymous_0)","decl":{"start":{"line":29,"column":8},"end":{"line":29,"column":9}},"loc":{"start":{"line":29,"column":28},"end":{"line":31,"column":1}},"line":29},"1":{"name":"(anonymous_1)","decl":{"start":{"line":34,"column":8},"end":{"line":34,"column":9}},"loc":{"start":{"line":34,"column":27},"end":{"line":42,"column":1}},"line":34}},"branchMap":{"0":{"loc":{"start":{"line":37,"column":23},"end":{"line":37,"column":70}},"type":"cond-expr","locations":[{"start":{"line":37,"column":62},"end":{"line":37,"column":65}},{"start":{"line":37,"column":68},"end":{"line":37,"column":70}}],"line":37},"1":{"loc":{"start":{"line":40,"column":15},"end":{"line":40,"column":32}},"type":"binary-expr","locations":[{"start":{"line":40,"column":15},"end":{"line":40,"column":25}},{"start":{"line":40,"column":29},"end":{"line":40,"column":32}}],"line":40}},"s":{"0":1,"1":1,"2":1,"3":1,"4":1,"5":1,"6":1,"7":1,"8":1,"9":1,"10":1,"11":1,"12":1,"13":1,"14":1,"15":1,"16":1,"17":1,"18":1,"19":1,"20":1,"21":0,"22":1,"23":0,"24":0,"25":0,"26":0,"27":1},"f":{"0":0,"1":0},"b":{"0":[0,0],"1":[0,0]},"_coverageSchema":"1a1c01bbd47fc00a2c39e90264f33305004495a9","hash":"17c94b5c666fd8ef8617d52df102419cc4f5583b"}
,"D:\\IV_Семестр\\JavaScript\\expressjslab-VasyaSuper\\controllers\\todos.controller.js": {"path":"D:\\IV_Семестр\\JavaScript\\expressjslab-VasyaSuper\\controllers\\todos.controller.js","statementMap":{"0":{"start":{"line":1,"column":24},"end":{"line":1,"column":52}},"1":{"start":{"line":3,"column":17},"end":{"line":16,"column":1}},"2":{"start":{"line":4,"column":4},"end":{"line":15,"column":5}},"3":{"start":{"line":5,"column":27},"end":{"line":5,"column":37}},"4":{"start":{"line":6,"column":21},"end":{"line":10,"column":9}},"5":{"start":{"line":12,"column":8},"end":{"line":12,"column":35}},"6":{"start":{"line":14,"column":8},"end":{"line":14,"column":45}},"7":{"start":{"line":18,"column":20},"end":{"line":31,"column":1}},"8":{"start":{"line":19,"column":48},"end":{"line":19,"column":56}},"9":{"start":{"line":20,"column":4},"end":{"line":30,"column":5}},"10":{"start":{"line":21,"column":21},"end":{"line":26,"column":10}},"11":{"start":{"line":27,"column":8},"end":{"line":27,"column":35}},"12":{"start":{"line":29,"column":8},"end":{"line":29,"column":61}},"13":{"start":{"line":33,"column":0},"end":{"line":36,"column":2}}},"fnMap":{"0":{"name":"(anonymous_0)","decl":{"start":{"line":3,"column":17},"end":{"line":3,"column":18}},"loc":{"start":{"line":3,"column":37},"end":{"line":16,"column":1}},"line":3},"1":{"name":"(anonymous_1)","decl":{"start":{"line":18,"column":20},"end":{"line":18,"column":21}},"loc":{"start":{"line":18,"column":40},"end":{"line":31,"column":1}},"line":18}},"branchMap":{},"s":{"0":1,"1":1,"2":2,"3":2,"4":2,"5":1,"6":1,"7":1,"8":2,"9":2,"10":2,"11":1,"12":1,"13":1},"f":{"0":2,"1":2},"b":{},"_coverageSchema":"1a1c01bbd47fc00a2c39e90264f33305004495a9","hash":"144222d92874727a65446ce07123357126899df9"}
,"D:\\IV_Семестр\\JavaScript\\expressjslab-VasyaSuper\\middleware\\midleware.js": {"path":"D:\\IV_Семестр\\JavaScript\\expressjslab-VasyaSuper\\middleware\\midleware.js","statementMap":{"0":{"start":{"line":1,"column":34},"end":{"line":7,"column":1}},"1":{"start":{"line":2,"column":23},"end":{"line":2,"column":26}},"2":{"start":{"line":3,"column":21},"end":{"line":3,"column":24}},"3":{"start":{"line":4,"column":17},"end":{"line":4,"column":38}},"4":{"start":{"line":6,"column":4},"end":{"line":6,"column":55}},"5":{"start":{"line":10,"column":4},"end":{"line":10,"column":60}},"6":{"start":{"line":11,"column":18},"end":{"line":11,"column":34}},"7":{"start":{"line":13,"column":4},"end":{"line":18,"column":7}},"8":{"start":{"line":14,"column":29},"end":{"line":14,"column":61}},"9":{"start":{"line":15,"column":8},"end":{"line":17,"column":10}},"10":{"start":{"line":20,"column":4},"end":{"line":20,"column":11}},"11":{"start":{"line":23,"column":0},"end":{"line":25,"column":2}}},"fnMap":{"0":{"name":"(anonymous_0)","decl":{"start":{"line":1,"column":34},"end":{"line":1,"column":35}},"loc":{"start":{"line":1,"column":43},"end":{"line":7,"column":1}},"line":1},"1":{"name":"duration","decl":{"start":{"line":9,"column":9},"end":{"line":9,"column":17}},"loc":{"start":{"line":9,"column":34},"end":{"line":21,"column":1}},"line":9},"2":{"name":"(anonymous_2)","decl":{"start":{"line":13,"column":21},"end":{"line":13,"column":22}},"loc":{"start":{"line":13,"column":27},"end":{"line":18,"column":5}},"line":13}},"branchMap":{},"s":{"0":1,"1":4,"2":4,"3":4,"4":4,"5":4,"6":4,"7":4,"8":4,"9":4,"10":4,"11":1},"f":{"0":4,"1":4,"2":4},"b":{},"_coverageSchema":"1a1c01bbd47fc00a2c39e90264f33305004495a9","hash":"4045455801c107588e47c786a22b919b083fb44c"}
,"D:\\IV_Семестр\\JavaScript\\expressjslab-VasyaSuper\\remake\\Request.js": {"path":"D:\\IV_Семестр\\JavaScript\\expressjslab-VasyaSuper\\remake\\Request.js","statementMap":{"0":{"start":{"line":1,"column":14},"end":{"line":1,"column":80}},"1":{"start":{"line":3,"column":20},"end":{"line":21,"column":1}},"2":{"start":{"line":4,"column":4},"end":{"line":20,"column":5}},"3":{"start":{"line":5,"column":25},"end":{"line":12,"column":10}},"4":{"start":{"line":13,"column":8},"end":{"line":15,"column":9}},"5":{"start":{"line":14,"column":12},"end":{"line":14,"column":46}},"6":{"start":{"line":16,"column":8},"end":{"line":16,"column":37}},"7":{"start":{"line":18,"column":8},"end":{"line":18,"column":29}},"8":{"start":{"line":19,"column":8},"end":{"line":19,"column":20}},"9":{"start":{"line":22,"column":0},"end":{"line":24,"column":2}}},"fnMap":{"0":{"name":"(anonymous_0)","decl":{"start":{"line":3,"column":20},"end":{"line":3,"column":21}},"loc":{"start":{"line":3,"column":49},"end":{"line":21,"column":1}},"line":3}},"branchMap":{"0":{"loc":{"start":{"line":11,"column":18},"end":{"line":11,"column":52}},"type":"cond-expr","locations":[{"start":{"line":11,"column":25},"end":{"line":11,"column":45}},{"start":{"line":11,"column":48},"end":{"line":11,"column":52}}],"line":11},"1":{"loc":{"start":{"line":13,"column":8},"end":{"line":15,"column":9}},"type":"if","locations":[{"start":{"line":13,"column":8},"end":{"line":15,"column":9}},{"start":{},"end":{}}],"line":13}},"s":{"0":1,"1":1,"2":0,"3":0,"4":0,"5":0,"6":0,"7":0,"8":0,"9":1},"f":{"0":0},"b":{"0":[0,0],"1":[0,0]},"_coverageSchema":"1a1c01bbd47fc00a2c39e90264f33305004495a9","hash":"43a6a9ad8c5121ae7e89e52911489332f62bf01f"}
,"D:\\IV_Семестр\\JavaScript\\expressjslab-VasyaSuper\\routes\\index.js": {"path":"D:\\IV_Семестр\\JavaScript\\expressjslab-VasyaSuper\\routes\\index.js","statementMap":{"0":{"start":{"line":1,"column":16},"end":{"line":1,"column":34}},"1":{"start":{"line":3,"column":15},"end":{"line":3,"column":31}},"2":{"start":{"line":6,"column":0},"end":{"line":8,"column":3}},"3":{"start":{"line":7,"column":4},"end":{"line":7,"column":46}},"4":{"start":{"line":10,"column":0},"end":{"line":10,"column":24}}},"fnMap":{"0":{"name":"(anonymous_0)","decl":{"start":{"line":6,"column":16},"end":{"line":6,"column":17}},"loc":{"start":{"line":6,"column":30},"end":{"line":8,"column":1}},"line":6}},"branchMap":{},"s":{"0":1,"1":1,"2":1,"3":0,"4":1},"f":{"0":0},"b":{},"_coverageSchema":"1a1c01bbd47fc00a2c39e90264f33305004495a9","hash":"a98faa3759440bed5114d463b845efb7c2bfffba"}
,"D:\\IV_Семестр\\JavaScript\\expressjslab-VasyaSuper\\routes\\todos.js": {"path":"D:\\IV_Семестр\\JavaScript\\expressjslab-VasyaSuper\\routes\\todos.js","statementMap":{"0":{"start":{"line":1,"column":16},"end":{"line":1,"column":34}},"1":{"start":{"line":2,"column":34},"end":{"line":2,"column":76}},"2":{"start":{"line":4,"column":15},"end":{"line":4,"column":31}},"3":{"start":{"line":6,"column":0},"end":{"line":6,"column":33}},"4":{"start":{"line":8,"column":0},"end":{"line":8,"column":30}},"5":{"start":{"line":10,"column":0},"end":{"line":10,"column":24}}},"fnMap":{},"branchMap":{},"s":{"0":1,"1":1,"2":1,"3":1,"4":1,"5":1},"f":{},"b":{},"_coverageSchema":"1a1c01bbd47fc00a2c39e90264f33305004495a9","hash":"e5a0d2df044455d75821a799f3bae05d6a06d8ac"}
}
