TN:
SF:app.js
FN:29,(anonymous_0)
FN:34,(anonymous_1)
FNF:2
FNH:0
FNDA:0,(anonymous_0)
FNDA:0,(anonymous_1)
DA:1,1
DA:2,1
DA:3,1
DA:4,1
DA:5,1
DA:7,1
DA:8,1
DA:9,1
DA:11,1
DA:14,1
DA:15,1
DA:17,1
DA:18,1
DA:19,1
DA:20,1
DA:21,1
DA:22,1
DA:24,1
DA:25,1
DA:26,1
DA:29,1
DA:30,0
DA:34,1
DA:36,0
DA:37,0
DA:40,0
DA:41,0
DA:44,1
LF:28
LH:23
BRDA:37,0,0,0
BRDA:37,0,1,0
BRDA:40,1,0,0
BRDA:40,1,1,0
BRF:4
BRH:0
end_of_record
TN:
SF:controllers\todos.controller.js
FN:3,(anonymous_0)
FN:18,(anonymous_1)
FNF:2
FNH:2
FNDA:2,(anonymous_0)
FNDA:2,(anonymous_1)
DA:1,1
DA:3,1
DA:4,2
DA:5,2
DA:6,2
DA:12,1
DA:14,1
DA:18,1
DA:19,2
DA:20,2
DA:21,2
DA:27,1
DA:29,1
DA:33,1
LF:14
LH:14
BRF:0
BRH:0
end_of_record
TN:
SF:middleware\midleware.js
FN:1,(anonymous_0)
FN:9,duration
FN:14,(anonymous_2)
FNF:3
FNH:3
FNDA:4,(anonymous_0)
FNDA:4,duration
FNDA:4,(anonymous_2)
DA:1,1
DA:2,4
DA:3,4
DA:4,4
DA:6,4
DA:10,4
DA:11,4
DA:12,4
DA:14,4
DA:15,4
DA:16,4
DA:21,4
DA:24,1
LF:13
LH:13
BRF:0
BRH:0
end_of_record
TN:
SF:remake\Request.js
FN:3,(anonymous_0)
FNF:1
FNH:0
FNDA:0,(anonymous_0)
DA:1,1
DA:3,1
DA:4,0
DA:5,0
DA:13,0
DA:14,0
DA:16,0
DA:18,0
DA:19,0
DA:22,1
LF:10
LH:3
BRDA:11,0,0,0
BRDA:11,0,1,0
BRDA:13,1,0,0
BRDA:13,1,1,0
BRF:4
BRH:0
end_of_record
TN:
SF:routes\index.js
FN:6,(anonymous_0)
FNF:1
FNH:0
FNDA:0,(anonymous_0)
DA:1,1
DA:3,1
DA:6,1
DA:7,0
DA:10,1
LF:5
LH:4
BRF:0
BRH:0
end_of_record
TN:
SF:routes\todos.js
FNF:0
FNH:0
DA:1,1
DA:2,1
DA:4,1
DA:6,1
DA:8,1
DA:10,1
LF:6
LH:6
BRF:0
BRH:0
end_of_record
